[Sun Oct 05 15:49:27 2014] [notice] FastCGI: process manager initialized (pid 12908)
[Sun Oct 05 15:49:27 2014] [notice] Digest: generating secret for digest authentication ...
[Sun Oct 05 15:49:27 2014] [notice] Digest: done
[Sun Oct 05 15:49:27 2014] [notice] Apache/2.2.26 (Unix) mod_fastcgi/2.4.6 mod_wsgi/3.4 Python/2.7.6 PHP/5.5.10 mod_ssl/2.2.26 OpenSSL/0.9.8y DAV/2 mod_perl/2.0.8 Perl/v5.18.2 configured -- resuming normal operations
[Sun Oct 19 15:33:37 2014] [notice] FastCGI: process manager initialized (pid 4808)
[Sun Oct 19 15:33:37 2014] [notice] Digest: generating secret for digest authentication ...
[Sun Oct 19 15:33:37 2014] [notice] Digest: done
[Sun Oct 19 15:33:37 2014] [notice] Apache/2.2.29 (Unix) mod_fastcgi/2.4.6 mod_wsgi/3.4 Python/2.7.8 PHP/5.6.1 mod_ssl/2.2.29 OpenSSL/0.9.8za DAV/2 mod_perl/2.0.8 Perl/v5.20.0 configured -- resuming normal operations
[Sun Oct 19 15:33:56 2014] [error] [client ::1] File does not exist: /Users/ArthurRougier/Dropbox/Soundpark.fm 2.0/1. Produit/01. MVP/IT/codesource/soundpark2/favicon.ico
[Sun Oct 19 15:34:34 2014] [error] [client ::1] File does not exist: /Users/ArthurRougier/Dropbox/Soundpark.fm 2.0/1. Produit/01. MVP/IT/codesource/soundpark2/images
[Thu Oct 23 11:08:34 2014] [notice] caught SIGTERM, shutting down
[Sat Oct 25 13:26:38 2014] [notice] FastCGI: process manager initialized (pid 25697)
[Sat Oct 25 13:26:38 2014] [notice] Digest: generating secret for digest authentication ...
[Sat Oct 25 13:26:38 2014] [notice] Digest: done
[Sat Oct 25 13:26:38 2014] [notice] Apache/2.2.29 (Unix) mod_fastcgi/2.4.6 mod_wsgi/3.4 Python/2.7.8 PHP/5.6.1 mod_ssl/2.2.29 OpenSSL/0.9.8za DAV/2 mod_perl/2.0.8 Perl/v5.20.0 configured -- resuming normal operations
[Sat Oct 25 13:27:03 2014] [error] [client ::1] File does not exist: /Users/ArthurRougier/Dropbox/Soundpark.fm 2.0/1. Produit/01. MVP/IT/codesource/soundpark2/favicon.ico
[Sat Oct 25 13:28:03 2014] [error] [client ::1] File does not exist: /Users/ArthurRougier/Dropbox/Soundpark.fm 2.0/1. Produit/01. MVP/IT/codesource/soundpark2/images
[Sat Oct 25 15:16:37 2014] [error] [client ::1] File does not exist: /Users/ArthurRougier/Dropbox/Soundpark.fm 2.0/1. Produit/01. MVP/IT/codesource/soundpark2/images
[Sat Oct 25 15:34:38 2014] [error] [client ::1] File does not exist: /Users/ArthurRougier/Dropbox/Soundpark.fm 2.0/1. Produit/01. MVP/IT/codesource/soundpark2/favicon.ico
[Sat Oct 25 20:17:48 2014] [notice] caught SIGTERM, shutting down
[Mon Oct 27 20:36:49 2014] [notice] FastCGI: process manager initialized (pid 34780)
[Mon Oct 27 20:36:49 2014] [notice] Digest: generating secret for digest authentication ...
[Mon Oct 27 20:36:49 2014] [notice] Digest: done
[Mon Oct 27 20:36:49 2014] [notice] Apache/2.2.29 (Unix) mod_fastcgi/2.4.6 mod_wsgi/3.4 Python/2.7.8 PHP/5.6.1 mod_ssl/2.2.29 OpenSSL/0.9.8za DAV/2 mod_perl/2.0.8 Perl/v5.20.0 configured -- resuming normal operations
[Mon Oct 27 20:37:18 2014] [error] [client ::1] script '/Users/ArthurRougier/Dropbox/Soundpark.fm 2.0/1. Produit/01. MVP/IT/codesource/soundpark2/view/landing2.php' not found or unable to stat
[Mon Oct 27 20:37:19 2014] [error] [client ::1] File does not exist: /Users/ArthurRougier/Dropbox/Soundpark.fm 2.0/1. Produit/01. MVP/IT/codesource/soundpark2/favicon.ico
[Mon Oct 27 20:37:25 2014] [error] [client ::1] File does not exist: /Users/ArthurRougier/Dropbox/Soundpark.fm 2.0/1. Produit/01. MVP/IT/codesource/soundpark2/images
[Mon Oct 27 20:56:28 2014] [error] [client ::1] script '/Users/ArthurRougier/Dropbox/Soundpark.fm 2.0/1. Produit/01. MVP/IT/codesource/soundpark2/view/landing2.php' not found or unable to stat
[Mon Oct 27 20:56:46 2014] [error] [client ::1] script '/Users/ArthurRougier/Dropbox/Soundpark.fm 2.0/1. Produit/01. MVP/IT/codesource/soundpark2/view/landing2.php' not found or unable to stat
[Fri Oct 31 12:22:54 2014] [notice] FastCGI: process manager initialized (pid 1697)
[Fri Oct 31 12:22:54 2014] [notice] Digest: generating secret for digest authentication ...
[Fri Oct 31 12:22:54 2014] [notice] Digest: done
[Fri Oct 31 12:22:54 2014] [notice] Apache/2.2.29 (Unix) mod_fastcgi/2.4.6 mod_wsgi/3.4 Python/2.7.8 PHP/5.6.1 mod_ssl/2.2.29 OpenSSL/0.9.8za DAV/2 mod_perl/2.0.8 Perl/v5.20.0 configured -- resuming normal operations
[Fri Oct 31 12:23:59 2014] [error] [client ::1] File does not exist: /Users/ArthurRougier/Dropbox/Soundpark.fm 2.0/1. Produit/01. MVP/IT/codesource/soundpark2/favicon.ico
[Fri Oct 31 12:24:27 2014] [error] [client ::1] File does not exist: /Users/ArthurRougier/Dropbox/Soundpark.fm 2.0/1. Produit/01. MVP/IT/codesource/soundpark2/images
[Sun Nov 02 11:23:15 2014] [error] [client 127.0.0.1] script '/Users/ArthurRougier/Dropbox/Soundpark.fm 2.0/1. Produit/01. MVP/IT/codesource/soundpark2/view/landing2.php' not found or unable to stat
[Sun Nov 02 11:37:29 2014] [error] [client ::1] script '/Users/ArthurRougier/Dropbox/Soundpark.fm 2.0/1. Produit/01. MVP/IT/codesource/soundpark2/view/landing2.php' not found or unable to stat
[Wed Nov 12 16:29:00 2014] [notice] FastCGI: process manager initialized (pid 20327)
[Wed Nov 12 16:29:00 2014] [notice] Digest: generating secret for digest authentication ...
[Wed Nov 12 16:29:00 2014] [notice] Digest: done
[Wed Nov 12 16:29:00 2014] [notice] Apache/2.2.29 (Unix) mod_fastcgi/2.4.6 mod_wsgi/3.4 Python/2.7.8 PHP/5.6.1 mod_ssl/2.2.29 OpenSSL/0.9.8za DAV/2 mod_perl/2.0.8 Perl/v5.20.0 configured -- resuming normal operations
